<?xml version="1.0" encoding="UTF-8"?>
<testng-results ignored="0" total="1" passed="1" failed="0" skipped="0">
  <reporter-output>
  </reporter-output>
  <suite started-at="2022-11-15T14:58:04 IST" name="Default suite" finished-at="2022-11-15T14:58:06 IST" duration-ms="2547">
    <groups>
    </groups>
    <test started-at="2022-11-15T14:58:04 IST" name="Default test" finished-at="2022-11-15T14:58:06 IST" duration-ms="2547">
      <class name="rest_testing.trello">
        <test-method signature="tc1()[pri:0, instance:rest_testing.trello@51dcb805]" started-at="2022-11-15T14:58:04 IST" name="tc1" finished-at="2022-11-15T14:58:06 IST" duration-ms="2513" status="PASS">
          <reporter-output>
          </reporter-output>
        </test-method> <!-- tc1 -->
      </class> <!-- rest_testing.trello -->
    </test> <!-- Default test -->
  </suite> <!-- Default suite -->
</testng-results>
